-.1000000000000000E+01 0.1000000000000000E+01 0.0000000000000000E+00 0.1000000000000000E+01
-.9960000000000000E+00 0.1000000000000000E+01 0.0000000000000000E+00 0.1000000000000000E+01
-.9920000000000000E+00 0.1000000000000000E+01 0.0000000000000000E+00 0.1000000000000000E+01
-.9880000000000000E+00 0.1000000000000000E+01 0.0000000000000000E+00 0.1000000000000000E+01
-.9840000000000000E+00 0.1000000000000000E+01 0.0000000000000000E+00 0.1000000000000000E+01
-.9800000000000000E+00 0.1000000000000000E+01 0.0000000000000000E+00 0.1000000000000000E+01
-.9760000000000000E+00 0.1000000000000000E+01 0.0000000000000000E+00 0.1000000000000000E+01
-.9720000000000000E+00 0.1000000000000000E+01 0.0000000000000000E+00 0.1000000000000000E+01
-.9680000000000000E+00 0.1000000000000000E+01 0.0000000000000000E+00 0.1000000000000000E+01
-.9640000000000000E+00 0.1000000000000000E+01 0.0000000000000000E+00 0.1000000000000000E+01
-.9600000000000000E+00 0.1000000000000000E+01 0.0000000000000000E+00 0.1000000000000000E+01
-.9560000000000000E+00 0.1000000000000000E+01 0.0000000000000000E+00 0.1000000000000000E+01
-.9520000000000000E+00 0.1000000000000000E+01 0.0000000000000000E+00 0.1000000000000000E+01
-.9480000000000000E+00 0.1000000000000000E+01 0.0000000000000000E+00 0.1000000000000000E+01
-.9440000000000000E+00 0.1000000000000000E+01 0.0000000000000000E+00 0.1000000000000000E+01
-.9399999999999999E+00 0.1000000000000000E+01 0.0000000000000000E+00 0.1000000000000000E+01
-.9359999999999999E+00 0.1000000000000000E+01 0.0000000000000000E+00 0.1000000000000000E+01
-.9319999999999999E+00 0.1000000000000000E+01 0.0000000000000000E+00 0.1000000000000000E+01
-.9280000000000000E+00 0.1000000000000000E+01 0.0000000000000000E+00 0.1000000000000000E+01
-.9240000000000000E+00 0.1000000000000000E+01 0.0000000000000000E+00 0.1000000000000000E+01
-.9200000000000000E+00 0.1000000000000000E+01 0.0000000000000000E+00 0.1000000000000000E+01
-.9160000000000000E+00 0.1000000000000000E+01 0.0000000000000000E+00 0.1000000000000000E+01
-.9120000000000000E+00 0.1000000000000000E+01 0.0000000000000000E+00 0.1000000000000000E+01
-.9080000000000000E+00 0.1000000000000000E+01 0.0000000000000000E+00 0.1000000000000000E+01
-.9040000000000000E+00 0.1000000000000000E+01 0.0000000000000000E+00 0.1000000000000000E+01
-.9000000000000000E+00 0.1000000000000000E+01 0.0000000000000000E+00 0.1000000000000000E+01
-.8960000000000000E+00 0.1000000000000000E+01 0.0000000000000000E+00 0.1000000000000000E+01
-.8920000000000000E+00 0.1000000000000000E+01 0.0000000000000000E+00 0.1000000000000000E+01
-.8880000000000000E+00 0.1000000000000000E+01 0.0000000000000000E+00 0.1000000000000000E+01
-.8840000000000000E+00 0.1000000000000000E+01 0.0000000000000000E+00 0.1000000000000000E+01
-.8800000000000000E+00 0.1000000000000000E+01 0.0000000000000000E+00 0.1000000000000000E+01
-.8760000000000000E+00 0.1000000000000000E+01 0.0000000000000000E+00 0.1000000000000000E+01
-.8720000000000000E+00 0.1000000000000000E+01 0.0000000000000000E+00 0.1000000000000000E+01
-.8680000000000000E+00 0.1000000000000000E+01 0.0000000000000000E+00 0.1000000000000000E+01
-.8640000000000000E+00 0.1000000000000000E+01 0.0000000000000000E+00 0.1000000000000000E+01
-.8600000000000000E+00 0.1000000000000000E+01 0.0000000000000000E+00 0.1000000000000000E+01
-.8560000000000000E+00 0.1000000000000000E+01 0.0000000000000000E+00 0.1000000000000000E+01
-.8520000000000000E+00 0.1000000000000000E+01 0.0000000000000000E+00 0.1000000000000000E+01
-.8480000000000000E+00 0.1000000000000000E+01 0.0000000000000000E+00 0.1000000000000000E+01
-.8440000000000000E+00 0.1000000000000000E+01 0.0000000000000000E+00 0.1000000000000000E+01
-.8400000000000000E+00 0.1000000000000000E+01 0.0000000000000000E+00 0.1000000000000000E+01
-.8360000000000000E+00 0.1000000000000000E+01 0.0000000000000000E+00 0.1000000000000000E+01
-.8320000000000000E+00 0.1000000000000000E+01 0.0000000000000000E+00 0.1000000000000000E+01
-.8280000000000001E+00 0.1000000000000000E+01 0.0000000000000000E+00 0.1000000000000000E+01
-.8240000000000001E+00 0.1000000000000000E+01 0.0000000000000000E+00 0.1000000000000000E+01
-.8200000000000001E+00 0.1000000000000000E+01 0.0000000000000000E+00 0.1000000000000000E+01
-.8160000000000001E+00 0.1000000000000000E+01 0.0000000000000000E+00 0.1000000000000000E+01
-.8120000000000001E+00 0.1000000000000000E+01 0.0000000000000000E+00 0.1000000000000000E+01
-.8080000000000001E+00 0.1000000000000000E+01 0.0000000000000000E+00 0.1000000000000000E+01
-.8040000000000000E+00 0.1000000000000000E+01 0.0000000000000000E+00 0.1000000000000000E+01
-.8000000000000000E+00 0.1000000000000000E+01 0.0000000000000000E+00 0.1000000000000000E+01
-.7960000000000000E+00 0.1000000000000000E+01 0.0000000000000000E+00 0.1000000000000000E+01
-.7920000000000000E+00 0.1000000000000000E+01 0.0000000000000000E+00 0.1000000000000000E+01
-.7880000000000000E+00 0.1000000000000000E+01 0.0000000000000000E+00 0.1000000000000000E+01
-.7840000000000000E+00 0.1000000000000000E+01 0.0000000000000000E+00 0.1000000000000000E+01
-.7800000000000000E+00 0.1000000000000000E+01 0.0000000000000000E+00 0.1000000000000000E+01
-.7760000000000000E+00 0.1000000000000000E+01 0.0000000000000000E+00 0.1000000000000000E+01
-.7720000000000000E+00 0.1000000000000000E+01 0.0000000000000000E+00 0.1000000000000000E+01
-.7680000000000000E+00 0.1000000000000000E+01 0.0000000000000000E+00 0.1000000000000000E+01
-.7640000000000000E+00 0.1000000000000000E+01 0.0000000000000000E+00 0.1000000000000000E+01
-.7600000000000000E+00 0.1000000000000000E+01 0.0000000000000000E+00 0.1000000000000000E+01
-.7560000000000000E+00 0.1000000000000000E+01 0.0000000000000000E+00 0.1000000000000000E+01
-.7520000000000000E+00 0.1000000000000000E+01 0.0000000000000000E+00 0.1000000000000000E+01
-.7480000000000000E+00 0.1000000000000000E+01 0.0000000000000000E+00 0.1000000000000000E+01
-.7440000000000000E+00 0.1000000000000000E+01 0.0000000000000000E+00 0.1000000000000000E+01
-.7400000000000000E+00 0.1000000000000000E+01 0.0000000000000000E+00 0.1000000000000000E+01
-.7360000000000000E+00 0.1000000000000000E+01 0.0000000000000000E+00 0.1000000000000000E+01
-.7320000000000000E+00 0.1000000000000000E+01 0.0000000000000000E+00 0.1000000000000000E+01
-.7280000000000000E+00 0.1000000000000000E+01 0.0000000000000000E+00 0.1000000000000000E+01
-.7240000000000000E+00 0.1000000000000000E+01 0.0000000000000000E+00 0.1000000000000000E+01
-.7200000000000000E+00 0.1000000000000000E+01 0.0000000000000000E+00 0.1000000000000000E+01
-.7160000000000000E+00 0.1000000000000000E+01 0.0000000000000000E+00 0.1000000000000000E+01
-.7120000000000000E+00 0.1000000000000000E+01 0.0000000000000000E+00 0.1000000000000000E+01
-.7080000000000000E+00 0.1000000000000000E+01 0.0000000000000000E+00 0.1000000000000000E+01
-.7040000000000000E+00 0.1000000000000000E+01 0.0000000000000000E+00 0.1000000000000000E+01
-.7000000000000000E+00 0.1000000000000000E+01 0.0000000000000000E+00 0.1000000000000000E+01
-.6960000000000000E+00 0.1000000000000000E+01 0.0000000000000000E+00 0.1000000000000000E+01
-.6919999999999999E+00 0.1000000000000000E+01 0.0000000000000000E+00 0.1000000000000000E+01
-.6879999999999999E+00 0.1000000000000000E+01 0.0000000000000000E+00 0.1000000000000000E+01
-.6839999999999999E+00 0.1000000000000000E+01 0.0000000000000000E+00 0.1000000000000000E+01
-.6799999999999999E+00 0.1000000000000000E+01 0.0000000000000000E+00 0.1000000000000000E+01
-.6759999999999999E+00 0.1000000000000000E+01 0.0000000000000000E+00 0.1000000000000000E+01
-.6719999999999999E+00 0.1000000000000000E+01 0.0000000000000000E+00 0.1000000000000000E+01
-.6679999999999999E+00 0.1000000000000000E+01 0.0000000000000000E+00 0.1000000000000000E+01
-.6639999999999999E+00 0.1000000000000000E+01 0.0000000000000000E+00 0.1000000000000000E+01
-.6599999999999999E+00 0.1000000000000000E+01 0.0000000000000000E+00 0.1000000000000000E+01
-.6560000000000000E+00 0.1000000000000000E+01 0.0000000000000000E+00 0.1000000000000000E+01
-.6520000000000000E+00 0.1000000000000000E+01 0.0000000000000000E+00 0.1000000000000000E+01
-.6480000000000000E+00 0.1000000000000000E+01 0.0000000000000000E+00 0.1000000000000000E+01
-.6440000000000000E+00 0.1000000000000000E+01 0.0000000000000000E+00 0.1000000000000000E+01
-.6400000000000000E+00 0.1000000000000000E+01 0.0000000000000000E+00 0.1000000000000000E+01
-.6360000000000000E+00 0.1000000000000000E+01 0.0000000000000000E+00 0.1000000000000000E+01
-.6320000000000000E+00 0.1000000000000000E+01 0.0000000000000000E+00 0.1000000000000000E+01
-.6280000000000000E+00 0.1000000000000000E+01 0.0000000000000000E+00 0.1000000000000000E+01
-.6240000000000000E+00 0.1000000000000000E+01 0.0000000000000000E+00 0.1000000000000000E+01
-.6200000000000000E+00 0.1000000000000000E+01 0.0000000000000000E+00 0.1000000000000000E+01
-.6160000000000000E+00 0.1000000000000000E+01 0.0000000000000000E+00 0.1000000000000000E+01
-.6120000000000000E+00 0.1000000000000000E+01 0.0000000000000000E+00 0.1000000000000000E+01
-.6080000000000000E+00 0.1000000000000000E+01 0.0000000000000000E+00 0.1000000000000000E+01
-.6040000000000000E+00 0.1000000000000000E+01 0.0000000000000000E+00 0.1000000000000000E+01
-.6000000000000000E+00 0.1000000000000000E+01 0.0000000000000000E+00 0.1000000000000000E+01
-.5960000000000000E+00 0.1000000000000000E+01 0.0000000000000000E+00 0.1000000000000000E+01
-.5920000000000001E+00 0.1000000000000000E+01 0.0000000000000000E+00 0.1000000000000000E+01
-.5880000000000001E+00 0.1000000000000000E+01 0.0000000000000000E+00 0.1000000000000000E+01
-.5840000000000001E+00 0.1000000000000000E+01 0.0000000000000000E+00 0.1000000000000000E+01
-.5800000000000001E+00 0.1000000000000000E+01 0.0000000000000000E+00 0.1000000000000000E+01
-.5760000000000001E+00 0.1000000000000000E+01 0.0000000000000000E+00 0.1000000000000000E+01
-.5720000000000001E+00 0.1000000000000000E+01 0.0000000000000000E+00 0.1000000000000000E+01
-.5680000000000001E+00 0.1000000000000000E+01 0.0000000000000000E+00 0.1000000000000000E+01
-.5640000000000001E+00 0.1000000000000000E+01 0.0000000000000000E+00 0.1000000000000000E+01
-.5600000000000001E+00 0.1000000000000000E+01 0.0000000000000000E+00 0.1000000000000000E+01
-.5560000000000000E+00 0.1000000000000000E+01 0.0000000000000000E+00 0.1000000000000000E+01
-.5520000000000000E+00 0.1000000000000000E+01 0.0000000000000000E+00 0.1000000000000000E+01
-.5480000000000000E+00 0.1000000000000000E+01 0.0000000000000000E+00 0.1000000000000000E+01
-.5440000000000000E+00 0.1000000000000000E+01 0.0000000000000000E+00 0.1000000000000000E+01
-.5400000000000000E+00 0.1000000000000000E+01 0.0000000000000000E+00 0.1000000000000000E+01
-.5360000000000000E+00 0.1000000000000000E+01 0.0000000000000000E+00 0.1000000000000000E+01
-.5320000000000000E+00 0.1000000000000000E+01 0.0000000000000000E+00 0.1000000000000000E+01
-.5280000000000000E+00 0.1000000000000000E+01 0.0000000000000000E+00 0.1000000000000000E+01
-.5240000000000000E+00 0.1000000000000000E+01 0.0000000000000000E+00 0.1000000000000000E+01
-.5200000000000000E+00 0.1000000000000000E+01 0.0000000000000000E+00 0.1000000000000000E+01
-.5160000000000000E+00 0.1000000000000000E+01 0.0000000000000000E+00 0.1000000000000000E+01
-.5120000000000000E+00 0.1000000000000000E+01 0.0000000000000000E+00 0.1000000000000000E+01
-.5080000000000000E+00 0.1000000000000000E+01 0.0000000000000000E+00 0.1000000000000000E+01
-.5040000000000000E+00 0.1000000000000000E+01 0.0000000000000000E+00 0.1000000000000000E+01
-.5000000000000000E+00 0.1000000000000000E+01 0.0000000000000000E+00 0.1000000000000000E+01
-.4960000000000000E+00 0.1000000000000000E+01 0.0000000000000000E+00 0.1000000000000000E+01
-.4920000000000000E+00 0.1000000000000000E+01 0.0000000000000000E+00 0.1000000000000000E+01
-.4880000000000000E+00 0.1000000000000000E+01 0.0000000000000000E+00 0.1000000000000000E+01
-.4840000000000000E+00 0.1000000000000000E+01 0.0000000000000000E+00 0.1000000000000000E+01
-.4800000000000000E+00 0.1000000000000000E+01 0.0000000000000000E+00 0.1000000000000000E+01
-.4760000000000000E+00 0.1000000000000000E+01 0.0000000000000000E+00 0.1000000000000000E+01
-.4720000000000000E+00 0.1000000000000000E+01 0.0000000000000000E+00 0.1000000000000000E+01
-.4680000000000000E+00 0.1000000000000000E+01 0.0000000000000000E+00 0.1000000000000000E+01
-.4640000000000000E+00 0.1000000000000000E+01 0.0000000000000000E+00 0.1000000000000000E+01
-.4600000000000000E+00 0.1000000000000000E+01 0.0000000000000000E+00 0.1000000000000000E+01
-.4560000000000000E+00 0.1000000000000000E+01 0.0000000000000000E+00 0.1000000000000000E+01
-.4520000000000000E+00 0.1000000000000000E+01 0.0000000000000000E+00 0.1000000000000000E+01
-.4480000000000000E+00 0.1000000000000000E+01 0.0000000000000000E+00 0.1000000000000000E+01
-.4440000000000000E+00 0.1000000000000000E+01 0.0000000000000000E+00 0.1000000000000000E+01
-.4399999999999999E+00 0.1000000000000000E+01 0.0000000000000000E+00 0.1000000000000000E+01
-.4360000000000001E+00 0.1000000000000000E+01 0.0000000000000000E+00 0.1000000000000000E+01
-.4320000000000001E+00 0.1000000000000000E+01 0.0000000000000000E+00 0.1000000000000000E+01
-.4280000000000000E+00 0.1000000000000000E+01 0.0000000000000000E+00 0.1000000000000000E+01
-.4240000000000000E+00 0.1000000000000000E+01 0.0000000000000000E+00 0.1000000000000000E+01
-.4200000000000000E+00 0.1000000000000000E+01 0.0000000000000000E+00 0.1000000000000000E+01
-.4160000000000000E+00 0.1000000000000000E+01 0.0000000000000000E+00 0.1000000000000000E+01
-.4120000000000000E+00 0.1000000000000000E+01 0.0000000000000000E+00 0.1000000000000000E+01
-.4080000000000000E+00 0.1000000000000000E+01 0.0000000000000000E+00 0.1000000000000000E+01
-.4040000000000000E+00 0.1000000000000000E+01 0.0000000000000000E+00 0.1000000000000000E+01
-.4000000000000000E+00 0.1000000000000000E+01 0.0000000000000000E+00 0.1000000000000000E+01
-.3960000000000000E+00 0.1000000000000000E+01 0.0000000000000000E+00 0.1000000000000000E+01
-.3920000000000000E+00 0.1000000000000000E+01 0.0000000000000000E+00 0.1000000000000000E+01
-.3880000000000000E+00 0.1000000000000000E+01 0.0000000000000000E+00 0.1000000000000000E+01
-.3840000000000000E+00 0.1000000000000000E+01 0.0000000000000000E+00 0.1000000000000000E+01
-.3800000000000000E+00 0.1000000000000000E+01 0.0000000000000000E+00 0.1000000000000000E+01
-.3760000000000000E+00 0.1000000000000000E+01 0.0000000000000000E+00 0.1000000000000000E+01
-.3720000000000000E+00 0.1000000000000000E+01 0.0000000000000000E+00 0.1000000000000000E+01
-.3680000000000000E+00 0.1000000000000000E+01 0.0000000000000000E+00 0.1000000000000000E+01
-.3640000000000000E+00 0.1000000000000000E+01 0.0000000000000000E+00 0.1000000000000000E+01
-.3600000000000000E+00 0.1000000000000000E+01 0.0000000000000000E+00 0.1000000000000000E+01
-.3560000000000000E+00 0.1000000000000000E+01 0.0000000000000000E+00 0.1000000000000000E+01
-.3520000000000000E+00 0.1000000000000000E+01 0.0000000000000000E+00 0.1000000000000000E+01
-.3480000000000000E+00 0.1000000000000000E+01 0.0000000000000000E+00 0.1000000000000000E+01
-.3440000000000000E+00 0.1000000000000000E+01 0.0000000000000000E+00 0.1000000000000000E+01
-.3400000000000000E+00 0.1000000000000000E+01 0.0000000000000000E+00 0.1000000000000000E+01
-.3360000000000000E+00 0.1000000000000000E+01 0.0000000000000000E+00 0.1000000000000000E+01
-.3320000000000000E+00 0.1000000000000000E+01 0.0000000000000000E+00 0.1000000000000000E+01
-.3280000000000000E+00 0.1000000000000000E+01 0.0000000000000000E+00 0.1000000000000000E+01
-.3240000000000000E+00 0.1000000000000000E+01 0.0000000000000000E+00 0.1000000000000000E+01
-.3200000000000000E+00 0.1000000000000000E+01 0.0000000000000000E+00 0.1000000000000000E+01
-.3159999999999999E+00 0.1000000000000000E+01 0.0000000000000000E+00 0.1000000000000000E+01
-.3120000000000001E+00 0.1000000000000000E+01 0.0000000000000000E+00 0.1000000000000000E+01
-.3080000000000001E+00 0.1000000000000000E+01 0.0000000000000000E+00 0.1000000000000000E+01
-.3040000000000000E+00 0.1000000000000000E+01 0.0000000000000000E+00 0.1000000000000000E+01
-.3000000000000000E+00 0.1000000000000000E+01 0.0000000000000000E+00 0.1000000000000000E+01
-.2960000000000000E+00 0.1000000000000000E+01 0.0000000000000000E+00 0.1000000000000000E+01
-.2920000000000000E+00 0.1000000000000000E+01 0.0000000000000000E+00 0.1000000000000000E+01
-.2880000000000000E+00 0.9945846440720050E+00 0.6421460448575353E-02 0.9924267219159023E+00
-.2840000000000000E+00 0.9831883841554278E+00 0.2002690262544608E-01 0.9765431422249107E+00
-.2800000000000000E+00 0.9718968299745820E+00 0.3363234480231680E-01 0.9608779597816487E+00
-.2760000000000000E+00 0.9607092583606245E+00 0.4723778697918753E-01 0.9454286663835448E+00
-.2720000000000000E+00 0.9496249494822019E+00 0.6084322915605844E-01 0.9301927769257047E+00
-.2680000000000000E+00 0.9386431868377304E+00 0.7444867133292918E-01 0.9151678292410118E+00
-.2640000000000000E+00 0.9277632572476765E+00 0.8805411350979990E-01 0.9003513839409725E+00
-.2600000000000000E+00 0.9169844508468379E+00 0.1016595556866706E+00 0.8857410242572966E+00
-.2560000000000000E+00 0.9063060610766245E+00 0.1152649978635414E+00 0.8713343558842159E+00
-.2520000000000000E+00 0.8957273846773387E+00 0.1288704400404121E+00 0.8571290068215360E+00
-.2480000000000000E+00 0.8852477216804565E+00 0.1424758822172830E+00 0.8431226272184215E+00
-.2440000000000000E+00 0.8748663754009082E+00 0.1560813243941537E+00 0.8293128892179117E+00
-.2400000000000000E+00 0.8645826524293589E+00 0.1696867665710244E+00 0.8156974868021667E+00
-.2360000000000000E+00 0.8543958626244899E+00 0.1832922087478952E+00 0.8022741356384400E+00
-.2320000000000000E+00 0.8443053191052786E+00 0.1968976509247660E+00 0.7890405729257775E+00
-.2280000000000000E+00 0.8343103382432802E+00 0.2105030931016367E+00 0.7759945572424408E+00
-.2240000000000000E+00 0.8244102396549075E+00 0.2241085352785074E+00 0.7631338683940532E+00
-.2200000000000000E+00 0.8146043461937122E+00 0.2377139774553783E+00 0.7504563072624655E+00
-.2160000000000000E+00 0.8048919839426661E+00 0.2513194196322490E+00 0.7379596956553420E+00
-.2120000000000000E+00 0.7952724822064409E+00 0.2649248618091198E+00 0.7256418761564637E+00
-.2080000000000000E+00 0.7857451735036893E+00 0.2785303039859905E+00 0.7135007119767458E+00
-.2040000000000000E+00 0.7763093935593263E+00 0.2921357461628613E+00 0.7015340868059714E+00
-.2000000000000000E+00 0.7669644812968097E+00 0.3057411883397321E+00 0.6897399046652356E+00
-.1960000000000000E+00 0.7577097788304196E+00 0.3193466305166028E+00 0.6781160897600992E+00
-.1919999999999999E+00 0.7485446314575414E+00 0.3329520726934735E+00 0.6666605863344556E+00
-.1879999999999999E+00 0.7394683876509449E+00 0.3465575148703444E+00 0.6553713585250996E+00
-.1840000000000001E+00 0.7304803990510659E+00 0.3601629570472147E+00 0.6442463902170045E+00
-.1800000000000000E+00 0.7215800204582865E+00 0.3737683992240854E+00 0.6332836848993014E+00
-.1760000000000000E+00 0.7127666098252160E+00 0.3873738414009563E+00 0.6224812655219623E+00
-.1720000000000000E+00 0.7040395282489718E+00 0.4009792835778270E+00 0.6118371743531806E+00
-.1680000000000000E+00 0.6953981399634597E+00 0.4145847257546978E+00 0.6013494728374532E+00
-.1640000000000000E+00 0.6868418123316554E+00 0.4281901679315686E+00 0.5910162414543568E+00
-.1600000000000000E+00 0.6783699158378851E+00 0.4417956101084393E+00 0.5808355795780212E+00
-.1560000000000000E+00 0.6699818240801048E+00 0.4554010522853101E+00 0.5708056053372933E+00
-.1520000000000000E+00 0.6616769137621835E+00 0.4690064944621808E+00 0.5609244554765968E+00
-.1480000000000000E+00 0.6534545646861823E+00 0.4826119366390516E+00 0.5511902852174778E+00
-.1440000000000000E+00 0.6453141597446359E+00 0.4962173788159224E+00 0.5416012681208416E+00
-.1400000000000000E+00 0.6372550849128327E+00 0.5098228209927931E+00 0.5321555959498732E+00
-.1360000000000000E+00 0.6292767292410960E+00 0.5234282631696640E+00 0.5228514785336451E+00
-.1320000000000000E+00 0.6213784848470649E+00 0.5370337053465346E+00 0.5136871436314069E+00
-.1280000000000000E+00 0.6135597469079747E+00 0.5506391475234054E+00 0.5046608367975564E+00
-.1240000000000000E+00 0.6058199136529379E+00 0.5642445897002761E+00 0.4957708212472899E+00
-.1200000000000000E+00 0.5981583863552248E+00 0.5778500318771469E+00 0.4870153777229320E+00
-.1160000000000000E+00 0.5905745693245443E+00 0.5914554740540178E+00 0.4783928043609393E+00
-.1120000000000000E+00 0.5830678698993250E+00 0.6050609162308884E+00 0.4699014165595806E+00
-.1080000000000000E+00 0.5756376984389954E+00 0.6186663584077592E+00 0.4615395468472886E+00
-.1040000000000000E+00 0.5682834683162649E+00 0.6322718005846300E+00 0.4533055447516833E+00
-.9999999999999998E-01 0.5610045959094045E+00 0.6458772427615007E+00 0.4451977766692644E+00
-.9599999999999997E-01 0.5538005005945283E+00 0.6594826849383715E+00 0.4372146257357714E+00
-.9199999999999997E-01 0.5466706047378729E+00 0.6730881271152422E+00 0.4293544916972101E+00
-.8799999999999997E-01 0.5396143336880790E+00 0.6866935692921130E+00 0.4216157907815423E+00
-.8399999999999996E-01 0.5326311157684727E+00 0.7002990114689838E+00 0.4139969555710391E+00
-.7999999999999996E-01 0.5257203822693443E+00 0.7139044536458544E+00 0.4064964348752932E+00
-.7599999999999996E-01 0.5188815674402314E+00 0.7275098958227253E+00 0.3991126936048933E+00
-.7199999999999995E-01 0.5121141084821985E+00 0.7411153379995961E+00 0.3918442126457528E+00
-.6799999999999995E-01 0.5054174455401176E+00 0.7547207801764668E+00 0.3846894887340953E+00
-.6399999999999995E-01 0.4987910216949495E+00 0.7683262223533376E+00 0.3776470343320946E+00
-.6000000000000005E-01 0.4922342829560242E+00 0.7819316645302079E+00 0.3707153775041658E+00
-.5600000000000005E-01 0.4857466782533217E+00 0.7955371067070787E+00 0.3638930617939076E+00
-.5200000000000005E-01 0.4793276594297530E+00 0.8091425488839494E+00 0.3571786461016933E+00
-.4800000000000004E-01 0.4729766812334404E+00 0.8227479910608203E+00 0.3505707045629084E+00
-.4400000000000004E-01 0.4666932013099990E+00 0.8363534332376910E+00 0.3440678264268340E+00
-.4000000000000004E-01 0.4604766801948169E+00 0.8499588754145617E+00 0.3376686159361740E+00
-.3600000000000003E-01 0.4543265813053354E+00 0.8635643175914325E+00 0.3313716922072227E+00
-.3200000000000003E-01 0.4482423709333314E+00 0.8771697597683034E+00 0.3251756891106752E+00
-.2800000000000002E-01 0.4422235182371966E+00 0.8907752019451741E+00 0.3190792551530741E+00
-.2400000000000002E-01 0.4362694952342192E+00 0.9043806441220448E+00 0.3130810533588938E+00
-.2000000000000002E-01 0.4303797767928642E+00 0.9179860862989155E+00 0.3071797611532595E+00
-.1600000000000001E-01 0.4263194281784952E+00 0.9274526200489498E+00 0.3031301780506468E+00
-.1200000000000001E-01 0.4263194281784952E+00 0.9274526200489498E+00 0.3031301780506468E+00
-.8000000000000007E-02 0.4263194281784952E+00 0.9274526200489498E+00 0.3031301780506468E+00
-.4000000000000004E-02 0.4263194281784952E+00 0.9274526200489498E+00 0.3031301780506468E+00
0.0000000000000000E+00 0.4263194281784952E+00 0.9274526200489498E+00 0.3031301780506468E+00
0.4000000000000004E-02 0.4263194281784952E+00 0.9274526200489498E+00 0.3031301780506468E+00
0.8000000000000007E-02 0.4263194281784952E+00 0.9274526200489498E+00 0.3031301780506468E+00
0.1200000000000001E-01 0.4263194281784952E+00 0.9274526200489498E+00 0.3031301780506468E+00
0.1600000000000001E-01 0.4263194281784952E+00 0.9274526200489498E+00 0.3031301780506468E+00
0.2000000000000002E-01 0.4263194281784952E+00 0.9274526200489498E+00 0.3031301780506468E+00
0.2400000000000002E-01 0.4263194281784952E+00 0.9274526200489498E+00 0.3031301780506468E+00
0.2800000000000002E-01 0.4263194281784952E+00 0.9274526200489498E+00 0.3031301780506468E+00
0.3200000000000003E-01 0.4263194281784952E+00 0.9274526200489498E+00 0.3031301780506468E+00
0.3600000000000003E-01 0.4263194281784952E+00 0.9274526200489498E+00 0.3031301780506468E+00
0.4000000000000004E-01 0.4263194281784952E+00 0.9274526200489498E+00 0.3031301780506468E+00
0.4400000000000004E-01 0.4263194281784952E+00 0.9274526200489498E+00 0.3031301780506468E+00
0.4800000000000004E-01 0.4263194281784952E+00 0.9274526200489498E+00 0.3031301780506468E+00
0.5200000000000005E-01 0.4263194281784952E+00 0.9274526200489498E+00 0.3031301780506468E+00
0.5600000000000005E-01 0.4263194281784952E+00 0.9274526200489498E+00 0.3031301780506468E+00
0.6000000000000005E-01 0.4263194281784952E+00 0.9274526200489498E+00 0.3031301780506468E+00
0.6400000000000006E-01 0.4263194281784952E+00 0.9274526200489498E+00 0.3031301780506468E+00
0.6800000000000006E-01 0.4263194281784952E+00 0.9274526200489498E+00 0.3031301780506468E+00
0.7200000000000006E-01 0.4263194281784952E+00 0.9274526200489498E+00 0.3031301780506468E+00
0.7600000000000007E-01 0.4263194281784952E+00 0.9274526200489498E+00 0.3031301780506468E+00
0.8000000000000007E-01 0.4263194281784952E+00 0.9274526200489498E+00 0.3031301780506468E+00
0.8400000000000007E-01 0.4263194281784952E+00 0.9274526200489498E+00 0.3031301780506468E+00
0.8800000000000008E-01 0.4263194281784952E+00 0.9274526200489498E+00 0.3031301780506468E+00
0.9200000000000008E-01 0.4263194281784952E+00 0.9274526200489498E+00 0.3031301780506468E+00
0.9600000000000009E-01 0.4263194281784952E+00 0.9274526200489498E+00 0.3031301780506468E+00
0.1000000000000001E+00 0.4263194281784952E+00 0.9274526200489498E+00 0.3031301780506468E+00
0.1040000000000001E+00 0.4263194281784952E+00 0.9274526200489498E+00 0.3031301780506468E+00
0.1080000000000001E+00 0.4263194281784952E+00 0.9274526200489498E+00 0.3031301780506468E+00
0.1120000000000001E+00 0.4263194281784952E+00 0.9274526200489498E+00 0.3031301780506468E+00
0.1160000000000001E+00 0.4263194281784952E+00 0.9274526200489498E+00 0.3031301780506468E+00
0.1200000000000001E+00 0.4263194281784952E+00 0.9274526200489498E+00 0.3031301780506468E+00
0.1240000000000001E+00 0.4263194281784952E+00 0.9274526200489498E+00 0.3031301780506468E+00
0.1279999999999999E+00 0.4263194281784952E+00 0.9274526200489498E+00 0.3031301780506468E+00
0.1319999999999999E+00 0.4263194281784952E+00 0.9274526200489498E+00 0.3031301780506468E+00
0.1359999999999999E+00 0.4263194281784952E+00 0.9274526200489498E+00 0.3031301780506468E+00
0.1399999999999999E+00 0.4263194281784952E+00 0.9274526200489498E+00 0.3031301780506468E+00
0.1439999999999999E+00 0.4263194281784952E+00 0.9274526200489498E+00 0.3031301780506468E+00
0.1479999999999999E+00 0.4263194281784952E+00 0.9274526200489498E+00 0.3031301780506468E+00
0.1519999999999999E+00 0.4263194281784952E+00 0.9274526200489498E+00 0.3031301780506468E+00
0.1559999999999999E+00 0.4263194281784952E+00 0.9274526200489498E+00 0.3031301780506468E+00
0.1599999999999999E+00 0.4263194281784952E+00 0.9274526200489498E+00 0.3031301780506468E+00
0.1639999999999999E+00 0.4263194281784952E+00 0.9274526200489498E+00 0.3031301780506468E+00
0.1679999999999999E+00 0.4263194281784952E+00 0.9274526200489498E+00 0.3031301780506468E+00
0.1719999999999999E+00 0.4263194281784952E+00 0.9274526200489498E+00 0.3031301780506468E+00
0.1759999999999999E+00 0.4263194281784952E+00 0.9274526200489498E+00 0.3031301780506468E+00
0.1799999999999999E+00 0.4263194281784952E+00 0.9274526200489498E+00 0.3031301780506468E+00
0.1839999999999999E+00 0.4263194281784952E+00 0.9274526200489498E+00 0.3031301780506468E+00
0.1879999999999999E+00 0.4263194281784952E+00 0.9274526200489498E+00 0.3031301780506468E+00
0.1919999999999999E+00 0.4263194281784952E+00 0.9274526200489498E+00 0.3031301780506468E+00
0.1960000000000000E+00 0.4263194281784952E+00 0.9274526200489498E+00 0.3031301780506468E+00
0.2000000000000000E+00 0.4263194281784952E+00 0.9274526200489498E+00 0.3031301780506468E+00
0.2040000000000000E+00 0.4263194281784952E+00 0.9274526200489498E+00 0.3031301780506468E+00
0.2080000000000000E+00 0.4263194281784952E+00 0.9274526200489498E+00 0.3031301780506468E+00
0.2120000000000000E+00 0.4263194281784952E+00 0.9274526200489498E+00 0.3031301780506468E+00
0.2160000000000000E+00 0.4263194281784952E+00 0.9274526200489498E+00 0.3031301780506468E+00
0.2200000000000000E+00 0.4263194281784952E+00 0.9274526200489498E+00 0.3031301780506468E+00
0.2240000000000000E+00 0.4263194281784952E+00 0.9274526200489498E+00 0.3031301780506468E+00
0.2280000000000000E+00 0.2655737117053071E+00 0.9274526200489498E+00 0.3031301780506468E+00
0.2320000000000000E+00 0.2655737117053071E+00 0.9274526200489498E+00 0.3031301780506468E+00
0.2360000000000000E+00 0.2655737117053071E+00 0.9274526200489498E+00 0.3031301780506468E+00
0.2400000000000000E+00 0.2655737117053071E+00 0.9274526200489498E+00 0.3031301780506468E+00
0.2440000000000000E+00 0.2655737117053071E+00 0.9274526200489498E+00 0.3031301780506468E+00
0.2480000000000000E+00 0.2655737117053071E+00 0.9274526200489498E+00 0.3031301780506468E+00
0.2520000000000000E+00 0.2655737117053071E+00 0.9274526200489498E+00 0.3031301780506468E+00
0.2560000000000000E+00 0.2655737117053071E+00 0.9274526200489498E+00 0.3031301780506468E+00
0.2600000000000000E+00 0.2655737117053071E+00 0.9274526200489498E+00 0.3031301780506468E+00
0.2640000000000000E+00 0.2655737117053071E+00 0.9274526200489498E+00 0.3031301780506468E+00
0.2680000000000000E+00 0.2655737117053071E+00 0.9274526200489498E+00 0.3031301780506468E+00
0.2720000000000000E+00 0.2655737117053071E+00 0.9274526200489498E+00 0.3031301780506468E+00
0.2760000000000000E+00 0.2655737117053071E+00 0.9274526200489498E+00 0.3031301780506468E+00
0.2800000000000000E+00 0.2655737117053071E+00 0.9274526200489498E+00 0.3031301780506468E+00
0.2840000000000000E+00 0.2655737117053071E+00 0.9274526200489498E+00 0.3031301780506468E+00
0.2880000000000000E+00 0.2655737117053071E+00 0.9274526200489498E+00 0.3031301780506468E+00
0.2920000000000000E+00 0.2655737117053071E+00 0.9274526200489498E+00 0.3031301780506468E+00
0.2960000000000000E+00 0.2655737117053071E+00 0.9274526200489498E+00 0.3031301780506468E+00
0.3000000000000000E+00 0.2655737117053071E+00 0.9274526200489498E+00 0.3031301780506468E+00
0.3040000000000000E+00 0.2655737117053071E+00 0.9274526200489498E+00 0.3031301780506468E+00
0.3080000000000001E+00 0.2655737117053071E+00 0.9274526200489498E+00 0.3031301780506468E+00
0.3120000000000001E+00 0.2655737117053071E+00 0.9274526200489498E+00 0.3031301780506468E+00
0.3160000000000001E+00 0.2655737117053071E+00 0.9274526200489498E+00 0.3031301780506468E+00
0.3200000000000001E+00 0.2655737117053071E+00 0.9274526200489498E+00 0.3031301780506468E+00
0.3240000000000001E+00 0.2655737117053071E+00 0.9274526200489498E+00 0.3031301780506468E+00
0.3280000000000001E+00 0.2655737117053071E+00 0.9274526200489498E+00 0.3031301780506468E+00
0.3320000000000001E+00 0.2655737117053071E+00 0.9274526200489498E+00 0.3031301780506468E+00
0.3360000000000001E+00 0.2655737117053071E+00 0.9274526200489498E+00 0.3031301780506468E+00
0.3400000000000001E+00 0.2655737117053071E+00 0.9274526200489498E+00 0.3031301780506468E+00
0.3440000000000001E+00 0.2655737117053071E+00 0.9274526200489498E+00 0.3031301780506468E+00
0.3480000000000001E+00 0.2655737117053071E+00 0.9274526200489498E+00 0.3031301780506468E+00
0.3520000000000001E+00 0.2655737117053071E+00 0.9274526200489498E+00 0.3031301780506468E+00
0.3560000000000001E+00 0.2655737117053071E+00 0.9274526200489498E+00 0.3031301780506468E+00
0.3600000000000001E+00 0.2655737117053071E+00 0.9274526200489498E+00 0.3031301780506468E+00
0.3640000000000001E+00 0.2655737117053071E+00 0.9274526200489498E+00 0.3031301780506468E+00
0.3680000000000001E+00 0.2655737117053071E+00 0.9274526200489498E+00 0.3031301780506468E+00
0.3720000000000001E+00 0.2655737117053071E+00 0.9274526200489498E+00 0.3031301780506468E+00
0.3759999999999999E+00 0.2655737117053071E+00 0.9274526200489498E+00 0.3031301780506468E+00
0.3799999999999999E+00 0.2655737117053071E+00 0.9274526200489498E+00 0.3031301780506468E+00
0.3839999999999999E+00 0.2655737117053071E+00 0.9274526200489498E+00 0.3031301780506468E+00
0.3879999999999999E+00 0.2655737117053071E+00 0.9274526200489498E+00 0.3031301780506468E+00
0.3919999999999999E+00 0.2655737117053071E+00 0.9274526200489498E+00 0.3031301780506468E+00
0.3959999999999999E+00 0.2655737117053071E+00 0.9274526200489498E+00 0.3031301780506468E+00
0.3999999999999999E+00 0.2655737117053071E+00 0.9274526200489498E+00 0.3031301780506468E+00
0.4039999999999999E+00 0.2655737117053071E+00 0.9274526200489498E+00 0.3031301780506468E+00
0.4079999999999999E+00 0.2655737117053071E+00 0.9274526200489498E+00 0.3031301780506468E+00
0.4119999999999999E+00 0.2655737117053071E+00 0.9274526200489498E+00 0.3031301780506468E+00
0.4159999999999999E+00 0.2655737117053071E+00 0.9274526200489498E+00 0.3031301780506468E+00
0.4199999999999999E+00 0.2655737117053071E+00 0.9274526200489498E+00 0.3031301780506468E+00
0.4239999999999999E+00 0.2655737117053071E+00 0.9274526200489498E+00 0.3031301780506468E+00
0.4279999999999999E+00 0.2655737117053071E+00 0.9274526200489498E+00 0.3031301780506468E+00
0.4319999999999999E+00 0.1250000000000000E+00 0.0000000000000000E+00 0.1000000000000000E+00
0.4359999999999999E+00 0.1250000000000000E+00 0.0000000000000000E+00 0.1000000000000000E+00
0.4399999999999999E+00 0.1250000000000000E+00 0.0000000000000000E+00 0.1000000000000000E+00
0.4440000000000000E+00 0.1250000000000000E+00 0.0000000000000000E+00 0.1000000000000000E+00
0.4480000000000000E+00 0.1250000000000000E+00 0.0000000000000000E+00 0.1000000000000000E+00
0.4520000000000000E+00 0.1250000000000000E+00 0.0000000000000000E+00 0.1000000000000000E+00
0.4560000000000000E+00 0.1250000000000000E+00 0.0000000000000000E+00 0.1000000000000000E+00
0.4600000000000000E+00 0.1250000000000000E+00 0.0000000000000000E+00 0.1000000000000000E+00
0.4640000000000000E+00 0.1250000000000000E+00 0.0000000000000000E+00 0.1000000000000000E+00
0.4680000000000000E+00 0.1250000000000000E+00 0.0000000000000000E+00 0.1000000000000000E+00
0.4720000000000000E+00 0.1250000000000000E+00 0.0000000000000000E+00 0.1000000000000000E+00
0.4760000000000000E+00 0.1250000000000000E+00 0.0000000000000000E+00 0.1000000000000000E+00
0.4800000000000000E+00 0.1250000000000000E+00 0.0000000000000000E+00 0.1000000000000000E+00
0.4840000000000000E+00 0.1250000000000000E+00 0.0000000000000000E+00 0.1000000000000000E+00
0.4880000000000000E+00 0.1250000000000000E+00 0.0000000000000000E+00 0.1000000000000000E+00
0.4920000000000000E+00 0.1250000000000000E+00 0.0000000000000000E+00 0.1000000000000000E+00
0.4960000000000000E+00 0.1250000000000000E+00 0.0000000000000000E+00 0.1000000000000000E+00
0.5000000000000000E+00 0.1250000000000000E+00 0.0000000000000000E+00 0.1000000000000000E+00
0.5040000000000000E+00 0.1250000000000000E+00 0.0000000000000000E+00 0.1000000000000000E+00
0.5080000000000000E+00 0.1250000000000000E+00 0.0000000000000000E+00 0.1000000000000000E+00
0.5120000000000000E+00 0.1250000000000000E+00 0.0000000000000000E+00 0.1000000000000000E+00
0.5160000000000000E+00 0.1250000000000000E+00 0.0000000000000000E+00 0.1000000000000000E+00
0.5200000000000000E+00 0.1250000000000000E+00 0.0000000000000000E+00 0.1000000000000000E+00
0.5240000000000000E+00 0.1250000000000000E+00 0.0000000000000000E+00 0.1000000000000000E+00
0.5280000000000000E+00 0.1250000000000000E+00 0.0000000000000000E+00 0.1000000000000000E+00
0.5320000000000000E+00 0.1250000000000000E+00 0.0000000000000000E+00 0.1000000000000000E+00
0.5360000000000000E+00 0.1250000000000000E+00 0.0000000000000000E+00 0.1000000000000000E+00
0.5400000000000000E+00 0.1250000000000000E+00 0.0000000000000000E+00 0.1000000000000000E+00
0.5440000000000000E+00 0.1250000000000000E+00 0.0000000000000000E+00 0.1000000000000000E+00
0.5480000000000000E+00 0.1250000000000000E+00 0.0000000000000000E+00 0.1000000000000000E+00
0.5520000000000000E+00 0.1250000000000000E+00 0.0000000000000000E+00 0.1000000000000000E+00
0.5560000000000000E+00 0.1250000000000000E+00 0.0000000000000000E+00 0.1000000000000000E+00
0.5600000000000001E+00 0.1250000000000000E+00 0.0000000000000000E+00 0.1000000000000000E+00
0.5640000000000001E+00 0.1250000000000000E+00 0.0000000000000000E+00 0.1000000000000000E+00
0.5680000000000001E+00 0.1250000000000000E+00 0.0000000000000000E+00 0.1000000000000000E+00
0.5720000000000001E+00 0.1250000000000000E+00 0.0000000000000000E+00 0.1000000000000000E+00
0.5760000000000001E+00 0.1250000000000000E+00 0.0000000000000000E+00 0.1000000000000000E+00
0.5800000000000001E+00 0.1250000000000000E+00 0.0000000000000000E+00 0.1000000000000000E+00
0.5840000000000001E+00 0.1250000000000000E+00 0.0000000000000000E+00 0.1000000000000000E+00
0.5880000000000001E+00 0.1250000000000000E+00 0.0000000000000000E+00 0.1000000000000000E+00
0.5920000000000001E+00 0.1250000000000000E+00 0.0000000000000000E+00 0.1000000000000000E+00
0.5960000000000001E+00 0.1250000000000000E+00 0.0000000000000000E+00 0.1000000000000000E+00
0.6000000000000001E+00 0.1250000000000000E+00 0.0000000000000000E+00 0.1000000000000000E+00
0.6040000000000001E+00 0.1250000000000000E+00 0.0000000000000000E+00 0.1000000000000000E+00
0.6080000000000001E+00 0.1250000000000000E+00 0.0000000000000000E+00 0.1000000000000000E+00
0.6120000000000001E+00 0.1250000000000000E+00 0.0000000000000000E+00 0.1000000000000000E+00
0.6160000000000001E+00 0.1250000000000000E+00 0.0000000000000000E+00 0.1000000000000000E+00
0.6200000000000001E+00 0.1250000000000000E+00 0.0000000000000000E+00 0.1000000000000000E+00
0.6240000000000001E+00 0.1250000000000000E+00 0.0000000000000000E+00 0.1000000000000000E+00
0.6279999999999999E+00 0.1250000000000000E+00 0.0000000000000000E+00 0.1000000000000000E+00
0.6319999999999999E+00 0.1250000000000000E+00 0.0000000000000000E+00 0.1000000000000000E+00
0.6359999999999999E+00 0.1250000000000000E+00 0.0000000000000000E+00 0.1000000000000000E+00
0.6399999999999999E+00 0.1250000000000000E+00 0.0000000000000000E+00 0.1000000000000000E+00
0.6439999999999999E+00 0.1250000000000000E+00 0.0000000000000000E+00 0.1000000000000000E+00
0.6479999999999999E+00 0.1250000000000000E+00 0.0000000000000000E+00 0.1000000000000000E+00
0.6519999999999999E+00 0.1250000000000000E+00 0.0000000000000000E+00 0.1000000000000000E+00
0.6559999999999999E+00 0.1250000000000000E+00 0.0000000000000000E+00 0.1000000000000000E+00
0.6599999999999999E+00 0.1250000000000000E+00 0.0000000000000000E+00 0.1000000000000000E+00
0.6639999999999999E+00 0.1250000000000000E+00 0.0000000000000000E+00 0.1000000000000000E+00
0.6679999999999999E+00 0.1250000000000000E+00 0.0000000000000000E+00 0.1000000000000000E+00
0.6719999999999999E+00 0.1250000000000000E+00 0.0000000000000000E+00 0.1000000000000000E+00
0.6759999999999999E+00 0.1250000000000000E+00 0.0000000000000000E+00 0.1000000000000000E+00
0.6799999999999999E+00 0.1250000000000000E+00 0.0000000000000000E+00 0.1000000000000000E+00
0.6839999999999999E+00 0.1250000000000000E+00 0.0000000000000000E+00 0.1000000000000000E+00
0.6879999999999999E+00 0.1250000000000000E+00 0.0000000000000000E+00 0.1000000000000000E+00
0.6919999999999999E+00 0.1250000000000000E+00 0.0000000000000000E+00 0.1000000000000000E+00
0.6960000000000000E+00 0.1250000000000000E+00 0.0000000000000000E+00 0.1000000000000000E+00
0.7000000000000000E+00 0.1250000000000000E+00 0.0000000000000000E+00 0.1000000000000000E+00
0.7040000000000000E+00 0.1250000000000000E+00 0.0000000000000000E+00 0.1000000000000000E+00
0.7080000000000000E+00 0.1250000000000000E+00 0.0000000000000000E+00 0.1000000000000000E+00
0.7120000000000000E+00 0.1250000000000000E+00 0.0000000000000000E+00 0.1000000000000000E+00
0.7160000000000000E+00 0.1250000000000000E+00 0.0000000000000000E+00 0.1000000000000000E+00
0.7200000000000000E+00 0.1250000000000000E+00 0.0000000000000000E+00 0.1000000000000000E+00
0.7240000000000000E+00 0.1250000000000000E+00 0.0000000000000000E+00 0.1000000000000000E+00
0.7280000000000000E+00 0.1250000000000000E+00 0.0000000000000000E+00 0.1000000000000000E+00
0.7320000000000000E+00 0.1250000000000000E+00 0.0000000000000000E+00 0.1000000000000000E+00
0.7360000000000000E+00 0.1250000000000000E+00 0.0000000000000000E+00 0.1000000000000000E+00
0.7400000000000000E+00 0.1250000000000000E+00 0.0000000000000000E+00 0.1000000000000000E+00
0.7440000000000000E+00 0.1250000000000000E+00 0.0000000000000000E+00 0.1000000000000000E+00
0.7480000000000000E+00 0.1250000000000000E+00 0.0000000000000000E+00 0.1000000000000000E+00
0.7520000000000000E+00 0.1250000000000000E+00 0.0000000000000000E+00 0.1000000000000000E+00
0.7560000000000000E+00 0.1250000000000000E+00 0.0000000000000000E+00 0.1000000000000000E+00
0.7600000000000000E+00 0.1250000000000000E+00 0.0000000000000000E+00 0.1000000000000000E+00
0.7640000000000000E+00 0.1250000000000000E+00 0.0000000000000000E+00 0.1000000000000000E+00
0.7680000000000000E+00 0.1250000000000000E+00 0.0000000000000000E+00 0.1000000000000000E+00
0.7720000000000000E+00 0.1250000000000000E+00 0.0000000000000000E+00 0.1000000000000000E+00
0.7760000000000000E+00 0.1250000000000000E+00 0.0000000000000000E+00 0.1000000000000000E+00
0.7800000000000000E+00 0.1250000000000000E+00 0.0000000000000000E+00 0.1000000000000000E+00
0.7840000000000000E+00 0.1250000000000000E+00 0.0000000000000000E+00 0.1000000000000000E+00
0.7880000000000000E+00 0.1250000000000000E+00 0.0000000000000000E+00 0.1000000000000000E+00
0.7920000000000000E+00 0.1250000000000000E+00 0.0000000000000000E+00 0.1000000000000000E+00
0.7960000000000000E+00 0.1250000000000000E+00 0.0000000000000000E+00 0.1000000000000000E+00
0.8000000000000000E+00 0.1250000000000000E+00 0.0000000000000000E+00 0.1000000000000000E+00
0.8040000000000000E+00 0.1250000000000000E+00 0.0000000000000000E+00 0.1000000000000000E+00
0.8080000000000001E+00 0.1250000000000000E+00 0.0000000000000000E+00 0.1000000000000000E+00
0.8120000000000001E+00 0.1250000000000000E+00 0.0000000000000000E+00 0.1000000000000000E+00
0.8160000000000001E+00 0.1250000000000000E+00 0.0000000000000000E+00 0.1000000000000000E+00
0.8200000000000001E+00 0.1250000000000000E+00 0.0000000000000000E+00 0.1000000000000000E+00
0.8240000000000001E+00 0.1250000000000000E+00 0.0000000000000000E+00 0.1000000000000000E+00
0.8280000000000001E+00 0.1250000000000000E+00 0.0000000000000000E+00 0.1000000000000000E+00
0.8320000000000001E+00 0.1250000000000000E+00 0.0000000000000000E+00 0.1000000000000000E+00
0.8360000000000001E+00 0.1250000000000000E+00 0.0000000000000000E+00 0.1000000000000000E+00
0.8400000000000001E+00 0.1250000000000000E+00 0.0000000000000000E+00 0.1000000000000000E+00
0.8440000000000001E+00 0.1250000000000000E+00 0.0000000000000000E+00 0.1000000000000000E+00
0.8480000000000001E+00 0.1250000000000000E+00 0.0000000000000000E+00 0.1000000000000000E+00
0.8520000000000001E+00 0.1250000000000000E+00 0.0000000000000000E+00 0.1000000000000000E+00
0.8560000000000001E+00 0.1250000000000000E+00 0.0000000000000000E+00 0.1000000000000000E+00
0.8600000000000001E+00 0.1250000000000000E+00 0.0000000000000000E+00 0.1000000000000000E+00
0.8640000000000001E+00 0.1250000000000000E+00 0.0000000000000000E+00 0.1000000000000000E+00
0.8680000000000001E+00 0.1250000000000000E+00 0.0000000000000000E+00 0.1000000000000000E+00
0.8720000000000001E+00 0.1250000000000000E+00 0.0000000000000000E+00 0.1000000000000000E+00
0.8759999999999999E+00 0.1250000000000000E+00 0.0000000000000000E+00 0.1000000000000000E+00
0.8799999999999999E+00 0.1250000000000000E+00 0.0000000000000000E+00 0.1000000000000000E+00
0.8839999999999999E+00 0.1250000000000000E+00 0.0000000000000000E+00 0.1000000000000000E+00
0.8879999999999999E+00 0.1250000000000000E+00 0.0000000000000000E+00 0.1000000000000000E+00
0.8919999999999999E+00 0.1250000000000000E+00 0.0000000000000000E+00 0.1000000000000000E+00
0.8959999999999999E+00 0.1250000000000000E+00 0.0000000000000000E+00 0.1000000000000000E+00
0.8999999999999999E+00 0.1250000000000000E+00 0.0000000000000000E+00 0.1000000000000000E+00
0.9039999999999999E+00 0.1250000000000000E+00 0.0000000000000000E+00 0.1000000000000000E+00
0.9079999999999999E+00 0.1250000000000000E+00 0.0000000000000000E+00 0.1000000000000000E+00
0.9119999999999999E+00 0.1250000000000000E+00 0.0000000000000000E+00 0.1000000000000000E+00
0.9159999999999999E+00 0.1250000000000000E+00 0.0000000000000000E+00 0.1000000000000000E+00
0.9199999999999999E+00 0.1250000000000000E+00 0.0000000000000000E+00 0.1000000000000000E+00
0.9239999999999999E+00 0.1250000000000000E+00 0.0000000000000000E+00 0.1000000000000000E+00
0.9279999999999999E+00 0.1250000000000000E+00 0.0000000000000000E+00 0.1000000000000000E+00
0.9319999999999999E+00 0.1250000000000000E+00 0.0000000000000000E+00 0.1000000000000000E+00
0.9359999999999999E+00 0.1250000000000000E+00 0.0000000000000000E+00 0.1000000000000000E+00
0.9399999999999999E+00 0.1250000000000000E+00 0.0000000000000000E+00 0.1000000000000000E+00
0.9440000000000000E+00 0.1250000000000000E+00 0.0000000000000000E+00 0.1000000000000000E+00
0.9480000000000000E+00 0.1250000000000000E+00 0.0000000000000000E+00 0.1000000000000000E+00
0.9520000000000000E+00 0.1250000000000000E+00 0.0000000000000000E+00 0.1000000000000000E+00
0.9560000000000000E+00 0.1250000000000000E+00 0.0000000000000000E+00 0.1000000000000000E+00
0.9600000000000000E+00 0.1250000000000000E+00 0.0000000000000000E+00 0.1000000000000000E+00
0.9640000000000000E+00 0.1250000000000000E+00 0.0000000000000000E+00 0.1000000000000000E+00
0.9680000000000000E+00 0.1250000000000000E+00 0.0000000000000000E+00 0.1000000000000000E+00
0.9720000000000000E+00 0.1250000000000000E+00 0.0000000000000000E+00 0.1000000000000000E+00
0.9760000000000000E+00 0.1250000000000000E+00 0.0000000000000000E+00 0.1000000000000000E+00
0.9800000000000000E+00 0.1250000000000000E+00 0.0000000000000000E+00 0.1000000000000000E+00
0.9840000000000000E+00 0.1250000000000000E+00 0.0000000000000000E+00 0.1000000000000000E+00
0.9880000000000000E+00 0.1250000000000000E+00 0.0000000000000000E+00 0.1000000000000000E+00
0.9920000000000000E+00 0.1250000000000000E+00 0.0000000000000000E+00 0.1000000000000000E+00
0.9960000000000000E+00 0.1250000000000000E+00 0.0000000000000000E+00 0.1000000000000000E+00
0.1000000000000000E+01 0.1250000000000000E+00 0.0000000000000000E+00 0.1000000000000000E+00
